{"level":"info","message":"[STARTUP] Loading configuration..."}
{"level":"info","message":"[STARTUP] Configuration loaded successfully","nodeEnv":"development","port":3099}
{"level":"info","message":"[STARTUP] =================================================="}
{"level":"info","message":"[STARTUP] Feature Context Toggle Service Starting..."}
{"level":"info","message":"[STARTUP] =================================================="}
{"level":"info","message":"[STARTUP] Timestamp: 2026-05-28T21:42:45.767Z"}
{"level":"info","message":"[STARTUP] Node version: v25.9.0"}
{"level":"info","message":"[STARTUP] Environment: development"}
{"level":"info","message":""}
{"level":"info","message":"╔══════════════════════════════════════════════════════════╗"}
{"level":"info","message":"║     🎛️  Feature Context Toggle - Starting...             ║"}
{"level":"info","message":"╚══════════════════════════════════════════════════════════╝"}
{"level":"info","message":""}
{"level":"info","message":"[STARTUP] Initializing database connection..."}
{"level":"info","message":"[STARTUP] ✅ Database initialized successfully"}
{"level":"info","message":"[STARTUP] Initializing cache..."}
{"level":"info","message":"[STARTUP] ✅ Cache initialized successfully"}
{"level":"info","message":""}
{"level":"info","message":"╔══════════════════════════════════════════════════════════╗"}
{"level":"info","message":"║     🎛️  Feature Context Toggle - Backend Service         ║"}
{"level":"info","message":"╠══════════════════════════════════════════════════════════╣"}
{"level":"info","message":"║  🚀 Server running on http://localhost:3099            ║"}
{"level":"info","message":"║  📊 Toggles API: /api/toggles                            ║"}
{"level":"info","message":"║  💚 Health check: /health                                ║"}
{"level":"info","message":"╠══════════════════════════════════════════════════════════╣"}
{"level":"info","message":"║  📦 Database: ✅ Connected                           ║"}
{"level":"info","message":"║  🔴 Cache: ✅ Connected                              ║"}
{"level":"info","message":"╚══════════════════════════════════════════════════════════╝"}
{"level":"info","message":""}
